
[93mACE (AbsCon Essence)[0m v2.1 

  [94minstance[0m
    name:magic_simple_square

  Loading variables...

  Loading constraints...

  [94mdomains[0m
    types:1  values:81  sizes:[9:9]
  [94mvariables[0m
    count:9  arrays:1  degrees:[3:4,4:4,5:1]
  [94mconstraints[0m
    count:9  specific:9  groups:2  arities:[3:8,9:1]
    distribution:[AllDifferentComplete:1,SumSimpleEQ:8]
    wck:0.11  cpu:0.426  mem:11M978

  Building solver... 

  [94msolver[0m
    guaranteedAC:false
    wck:0.12  cpu:0.439  mem:15M123

  [94mpreprocessing[0m
    values:81  unsat:false
    wck:0.0  cpu:0.441  mem:15M123

    run:0  dpts:0..8  effs:24  wrgs:2  wck:0.00  sols:1

  [94mglobal[0m
    effs:24
    stop:REACHED_GOAL  wrgs:2  sols:1  sol1Cpu:0.442
    wck:0.13  cpu:0.447  mem:16M172


  Solution 1 in JSON format:
   {
    x: [
     [2, 7, 6],
     [9, 5, 1],
     [4, 3, 8]
    ]
   }

[92ms SATISFIABLE[0m
[92m
v[0m <instantiation id='sol1' type='solution'> <list> x[][] </list> <values> 2 7 6 9 5 1 4 3 8 </values> </instantiation>
[92m
d WRONG DECISIONS[0m 2
[92md FOUND SOLUTIONS[0m 1
[91md INCOMPLETE EXPLORATION[0m

c real time : 0.454
